<?xml version="1.0" encoding="UTF-8" ?>
<testsuite tests="31" failures="0" name="edu.yu.cs.com1320.project.stage5.impl.DocumentStoreImplTest" time="5.346" errors="0" skipped="0">
  <properties>
[...]
</properties>
  <testcase classname="edu.yu.cs.com1320.project.stage5.impl.DocumentStoreImplTest" name="stage3DeleteAllWithPrefix" time="4.652"/>
  <testcase classname="edu.yu.cs.com1320.project.stage5.impl.DocumentStoreImplTest" name="stage3SearchPDFs" time="0.025"/>
  <testcase classname="edu.yu.cs.com1320.project.stage5.impl.DocumentStoreImplTest" name="stage4TestUpdateDocLastUseTimeOnSearchPDFs" time="0.015"/>
  <testcase classname="edu.yu.cs.com1320.project.stage5.impl.DocumentStoreImplTest" name="stage4TestUpdateDocLastUseTimeOnSearch" time="0.013"/>
  <testcase classname="edu.yu.cs.com1320.project.stage5.impl.DocumentStoreImplTest" name="stage5PushToDiskViaMaxDocCount" time="0.156"/>
  <testcase classname="edu.yu.cs.com1320.project.stage5.impl.DocumentStoreImplTest" name="stage3SearchByPrefix" time="0.014"/>
  <testcase classname="edu.yu.cs.com1320.project.stage5.impl.DocumentStoreImplTest" name="testPutPdfDocumentNoPreviousDocAtURI" time="0.018"/>
  <testcase classname="edu.yu.cs.com1320.project.stage5.impl.DocumentStoreImplTest" name="stage3TestSearchByKeyword" time="0.079"/>
  <testcase classname="edu.yu.cs.com1320.project.stage5.impl.DocumentStoreImplTest" name="stage4TestNoUpdateDocLastUseTimeOnProtectedGet" time="0.015"/>
  <testcase classname="edu.yu.cs.com1320.project.stage5.impl.DocumentStoreImplTest" name="stage4TestUpdateDocLastUseTimeOnSearchByPrefix" time="0.012"/>
  <testcase classname="edu.yu.cs.com1320.project.stage5.impl.DocumentStoreImplTest" name="testPutNewVersionOfDocumentPdf" time="0.04"/>
  <testcase classname="edu.yu.cs.com1320.project.stage5.impl.DocumentStoreImplTest" name="testPutNewVersionOfDocumentTxt" time="0.012"/>
  <testcase classname="edu.yu.cs.com1320.project.stage5.impl.DocumentStoreImplTest" name="testGetTxtDocAsPdf" time="0.046"/>
  <testcase classname="edu.yu.cs.com1320.project.stage5.impl.DocumentStoreImplTest" name="testGetTxtDocAsTxt" time="0.009"/>
  <testcase classname="edu.yu.cs.com1320.project.stage5.impl.DocumentStoreImplTest" name="stage4TestUpdateDocLastUseTimeOnSearchPDFsByPrefix" time="0.026"/>
  <testcase classname="edu.yu.cs.com1320.project.stage5.impl.DocumentStoreImplTest" name="stage3DeleteAll" time="0.013"/>
  <testcase classname="edu.yu.cs.com1320.project.stage5.impl.DocumentStoreImplTest" name="stage4TestUpdateDocLastUseTimeOnPut" time="0.011"/>
  <testcase classname="edu.yu.cs.com1320.project.stage5.impl.DocumentStoreImplTest" name="stage3TestDeleteAllByKeyword" time="0.029"/>
  <testcase classname="edu.yu.cs.com1320.project.stage5.impl.DocumentStoreImplTest" name="testDeleteDoc" time="0.013"/>
  <testcase classname="edu.yu.cs.com1320.project.stage5.impl.DocumentStoreImplTest" name="stage5PushToDiskViaMaxDocCountBringBackInViaDelete" time="0.021"/>
  <testcase classname="edu.yu.cs.com1320.project.stage5.impl.DocumentStoreImplTest" name="testDeleteDocReturnValue" time="0.011"/>
  <testcase classname="edu.yu.cs.com1320.project.stage5.impl.DocumentStoreImplTest" name="stage5PushToDiskViaMaxDocCountViaUndoDelete" time="0.018"/>
  <testcase classname="edu.yu.cs.com1320.project.stage5.impl.DocumentStoreImplTest" name="stage3TestSearchByPrefix" time="0.027"/>
  <testcase classname="edu.yu.cs.com1320.project.stage5.impl.DocumentStoreImplTest" name="stage3SearchPDFsByPrefix" time="0.012"/>
  <testcase classname="edu.yu.cs.com1320.project.stage5.impl.DocumentStoreImplTest" name="stage4TestUpdateDocLastUseTimeOnOverwrite" time="0.011"/>
  <testcase classname="edu.yu.cs.com1320.project.stage5.impl.DocumentStoreImplTest" name="stage3Search" time="0.006"/>
  <testcase classname="edu.yu.cs.com1320.project.stage5.impl.DocumentStoreImplTest" name="testPutTxtDocumentNoPreviousDocAtURI" time="0.004"/>
  <testcase classname="edu.yu.cs.com1320.project.stage5.impl.DocumentStoreImplTest" name="testGetPdfDocAsPdf" time="0.011"/>
  <testcase classname="edu.yu.cs.com1320.project.stage5.impl.DocumentStoreImplTest" name="testGetPdfDocAsTxt" time="0.007"/>
  <testcase classname="edu.yu.cs.com1320.project.stage5.impl.DocumentStoreImplTest" name="stage3TestDeleteAllByPrefix" time="0.017"/>
  <testcase classname="edu.yu.cs.com1320.project.stage5.impl.DocumentStoreImplTest" name="testPutDocumentWithNullArguments" time="0.003"/>
</testsuite>